[debug] [2022-07-20T05:04:29.889Z] ----------------------------------------------------------------------
[debug] [2022-07-20T05:04:29.891Z] Command:       /Users/tkc/.nvm/versions/node/v16.4.0/bin/node /usr/local/bin/firebase emulators:start
[debug] [2022-07-20T05:04:29.892Z] CLI Version:   9.16.0
[debug] [2022-07-20T05:04:29.892Z] Platform:      darwin
[debug] [2022-07-20T05:04:29.892Z] Node Version:  v16.4.0
[debug] [2022-07-20T05:04:29.894Z] Time:          Tue Jul 19 2022 22:04:29 GMT-0700 (Pacific Daylight Time)
[debug] [2022-07-20T05:04:29.895Z] ----------------------------------------------------------------------
[debug] 
[debug] [2022-07-20T05:04:29.980Z] > command requires scopes: ["email","openid","https://www.googleapis.com/auth/cloudplatformprojects.readonly","https://www.googleapis.com/auth/firebase","https://www.googleapis.com/auth/cloud-platform"]
[debug] [2022-07-20T05:04:29.980Z] > authorizing via signed-in user (usebulbteam@gmail.com)
[info] i  emulators: Starting emulators: auth {"metadata":{"emulator":{"name":"hub"},"message":"Starting emulators: auth"}}
[debug] [2022-07-20T05:04:30.008Z] [hub] writing locator at /var/folders/1s/68m06fx118b32l7n01643wdw0000gn/T/hub-bulb-155f6.json
[debug] [2022-07-20T05:04:32.990Z] Ignoring unsupported arg: auto_download {"metadata":{"emulator":{"name":"ui"},"message":"Ignoring unsupported arg: auto_download"}}
[debug] [2022-07-20T05:04:32.990Z] Ignoring unsupported arg: port {"metadata":{"emulator":{"name":"ui"},"message":"Ignoring unsupported arg: port"}}
[debug] [2022-07-20T05:04:32.991Z] Starting Emulator UI with command {"binary":"node","args":["/Users/tkc/.cache/firebase/emulators/ui-v1.6.0/server.bundle.js"],"optionalArgs":[],"joinArgs":false} {"metadata":{"emulator":{"name":"ui"},"message":"Starting Emulator UI with command {\"binary\":\"node\",\"args\":[\"/Users/tkc/.cache/firebase/emulators/ui-v1.6.0/server.bundle.js\"],\"optionalArgs\":[],\"joinArgs\":false}"}}
[info] i  ui: Emulator UI logging to ui-debug.log {"metadata":{"emulator":{"name":"ui"},"message":"Emulator UI logging to \u001b[1mui-debug.log\u001b[22m"}}
[debug] [2022-07-20T05:04:33.281Z] Web / API server started at localhost:4000
 {"metadata":{"emulator":{"name":"ui"},"message":"Web / API server started at localhost:4000\n"}}
[info] 
┌─────────────────────────────────────────────────────────────┐
│ ✔  All emulators ready! It is now safe to connect your app. │
│ i  View Emulator UI at http://localhost:4000                │
└─────────────────────────────────────────────────────────────┘

┌────────────────┬────────────────┬────────────────────────────┐
│ Emulator       │ Host:Port      │ View in Emulator UI        │
├────────────────┼────────────────┼────────────────────────────┤
│ Authentication │ localhost:9099 │ http://localhost:4000/auth │
└────────────────┴────────────────┴────────────────────────────┘
  Emulator Hub running at localhost:4400
  Other reserved ports: 4500

Issues? Report them at https://github.com/firebase/firebase-tools/issues and attach the *-debug.log files.
 
